<?xml version="1.0" encoding="UTF-8"?>
<testsuite name="Counting the reservation code" tests="1" skipped="0" failures="1" errors="0" timestamp="2020-09-21T14:27:11" hostname="GALAHED-LAPTOP" time="1.721">
  <properties/>
  <testcase name="Reservation code Length" classname="Counting the reservation code" time="1.721">
    <failure message="java.lang.NullPointerException" type="java.lang.NullPointerException">java.lang.NullPointerException
	at net.serenitybdd.screenplay.actors.OnStage.theActorInTheSpotlight(OnStage.java:35)
	at sophossolutions.stepdefinitions.LengthOfTheReservationCodeStepsDefinitions.theUserIsInTheMainPage(LengthOfTheReservationCodeStepsDefinitions.java:37)
	at âœ½.The user is in the main page(src/test/resources/sophossolutions/features/long_code.feature:7)
</failure>
  </testcase>
  <system-out><![CDATA[]]></system-out>
  <system-err><![CDATA[[Test worker] ERROR net.thucydides.core.steps.ConsoleLoggingListener - 
           __  _____ _____ ____ _____   _____ _    ___ _     _____ ____  
  _       / / |_   _| ____/ ___|_   _| |  ___/ \  |_ _| |   | ____|  _ \ 
 (_)_____| |    | | |  _| \___ \ | |   | |_ / _ \  | || |   |  _| | | | |
  _|_____| |    | | | |___ ___) || |   |  _/ ___ \ | || |___| |___| |_| |
 (_)     | |    |_| |_____|____/ |_|   |_|/_/   \_\___|_____|_____|____/ 
          \_\                                                            

TEST FAILED WITH ERROR: Reservation code Length
---------------------------------------------------------------------
[Test worker] ERROR net.thucydides.core.steps.ConsoleLoggingListener - TEST FAILED AT STEP Given The user is in the main page
[Test worker] ERROR net.thucydides.core.steps.ConsoleLoggingListener - 
]]></system-err>
</testsuite>
