<?xml version="1.0" encoding="UTF-8"?><testsuite errors="1" failures="0" name="Counting the reservation code" skipped="0" tests="1" time="2.14" timestamp="2020-09-21 09:27:10"><testcase name="Reservation code Length"><error type="java.lang.NullPointerException"/><system-err>null&#13;
sophossolutions.stepdefinitions.LengthOfTheReservationCodeStepsDefinitions.theUserIsInTheMainPage(LengthOfTheReservationCodeStepsDefinitions.java:37)&#13;
✽.The user is in the main page(src/test/resources/sophossolutions/features/long_code.feature:7)&#13;
</system-err></testcase></testsuite>