<?xml version="1.0" encoding="UTF-8"?><testsuite errors="1" failures="0" name="Counting the reservation code" skipped="0" tests="1" time="1.29" timestamp="2020-09-21 09:07:18"><testcase name="Counting reservation code"><error type="java.lang.NullPointerException"/><system-err>null&#13;
sophossolutions.stepdefinitions.LengthOfTheReservationCodeStepsDefinitions.theUserIsInTheMainPage(LengthOfTheReservationCodeStepsDefinitions.java:29)&#13;
✽.The user is in the main page(src/test/resources/sophossolutions/features/long_code.feature:7)&#13;
</system-err></testcase></testsuite>